# JRE version: OpenJDK Runtime Environment (8.0_242-b01) (build 1.8.0_242-release-1644-b01)
# Java VM: OpenJDK 64-Bit Server VM (25.242-b01 mixed mode windows-amd64 compressed oops)
Heap:
 PSYoungGen      total 127488K, used 52379K [0x00000000d6100000, 0x00000000df680000, 0x0000000100000000)
  eden space 122368K, 42% used [0x00000000d6100000,0x00000000d9426cb8,0x00000000dd880000)
  from space 5120K, 0% used [0x00000000de100000,0x00000000de100000,0x00000000de600000)
  to   space 15360K, 0% used [0x00000000de780000,0x00000000de780000,0x00000000df680000)
 ParOldGen       total 117760K, used 18322K [0x0000000082200000, 0x0000000089500000, 0x00000000d6100000)
  object space 117760K, 15% used [0x0000000082200000,0x00000000833e4898,0x0000000089500000)
 Metaspace       used 38406K, capacity 38937K, committed 39344K, reserved 1083392K
  class space    used 4850K, capacity 4982K, committed 5040K, reserved 1048576K
GC Heap History (10 events):
Event: 1.282 GC heap before
{Heap before GC invocations=3 (full 0):
 PSYoungGen      total 70656K, used 25095K [0x00000000d6100000, 0x00000000dab00000, 0x0000000100000000)
  eden space 65536K, 30% used [0x00000000d6100000,0x00000000d7485c70,0x00000000da100000)
  from space 5120K, 99% used [0x00000000da600000,0x00000000daafc010,0x00000000dab00000)
  to   space 5120K, 0% used [0x00000000da100000,0x00000000da100000,0x00000000da600000)
 ParOldGen       total 86016K, used 7528K [0x0000000082200000, 0x0000000087600000, 0x00000000d6100000)
  object space 86016K, 8% used [0x0000000082200000,0x000000008295a2a8,0x0000000087600000)
 Metaspace       used 20797K, capacity 21240K, committed 21296K, reserved 1069056K
  class space    used 2419K, capacity 2590K, committed 2608K, reserved 1048576K
Event: 1.289 GC heap after
Heap after GC invocations=3 (full 0):
 PSYoungGen      total 70656K, used 5092K [0x00000000d6100000, 0x00000000deb00000, 0x0000000100000000)
  eden space 65536K, 0% used [0x00000000d6100000,0x00000000d6100000,0x00000000da100000)
  from space 5120K, 99% used [0x00000000da100000,0x00000000da5f9030,0x00000000da600000)
  to   space 5120K, 0% used [0x00000000de600000,0x00000000de600000,0x00000000deb00000)
 ParOldGen       total 86016K, used 11699K [0x0000000082200000, 0x0000000087600000, 0x00000000d6100000)
  object space 86016K, 13% used [0x0000000082200000,0x0000000082d6cc08,0x0000000087600000)
 Metaspace       used 20797K, capacity 21240K, committed 21296K, reserved 1069056K
  class space    used 2419K, capacity 2590K, committed 2608K, reserved 1048576K
}
Event: 1.289 GC heap before
{Heap before GC invocations=4 (full 1):
 PSYoungGen      total 70656K, used 5092K [0x00000000d6100000, 0x00000000deb00000, 0x0000000100000000)
  eden space 65536K, 0% used [0x00000000d6100000,0x00000000d6100000,0x00000000da100000)
  from space 5120K, 99% used [0x00000000da100000,0x00000000da5f9030,0x00000000da600000)
  to   space 5120K, 0% used [0x00000000de600000,0x00000000de600000,0x00000000deb00000)
 ParOldGen       total 86016K, used 11699K [0x0000000082200000, 0x0000000087600000, 0x00000000d6100000)
  object space 86016K, 13% used [0x0000000082200000,0x0000000082d6cc08,0x0000000087600000)
 Metaspace       used 20797K, capacity 21240K, committed 21296K, reserved 1069056K
  class space    used 2419K, capacity 2590K, committed 2608K, reserved 1048576K
Event: 1.331 GC heap after
Heap after GC invocations=4 (full 1):
 PSYoungGen      total 70656K, used 0K [0x00000000d6100000, 0x00000000deb00000, 0x0000000100000000)
  eden space 65536K, 0% used [0x00000000d6100000,0x00000000d6100000,0x00000000da100000)
  from space 5120K, 0% used [0x00000000da100000,0x00000000da100000,0x00000000da600000)
  to   space 5120K, 0% used [0x00000000de600000,0x00000000de600000,0x00000000deb00000)
 ParOldGen       total 68608K, used 9099K [0x0000000082200000, 0x0000000086500000, 0x00000000d6100000)
  object space 68608K, 13% used [0x0000000082200000,0x0000000082ae2e98,0x0000000086500000)
 Metaspace       used 20797K, capacity 21240K, committed 21296K, reserved 1069056K
  class space    used 2419K, capacity 2590K, committed 2608K, reserved 1048576K
}
Event: 2.149 GC heap before
{Heap before GC invocations=5 (full 1):
 PSYoungGen      total 70656K, used 65536K [0x00000000d6100000, 0x00000000deb00000, 0x0000000100000000)
  eden space 65536K, 100% used [0x00000000d6100000,0x00000000da100000,0x00000000da100000)
  from space 5120K, 0% used [0x00000000da100000,0x00000000da100000,0x00000000da600000)
  to   space 5120K, 0% used [0x00000000de600000,0x00000000de600000,0x00000000deb00000)
 ParOldGen       total 68608K, used 9099K [0x0000000082200000, 0x0000000086500000, 0x00000000d6100000)
  object space 68608K, 13% used [0x0000000082200000,0x0000000082ae2e98,0x0000000086500000)
 Metaspace       used 30204K, capacity 30724K, committed 31024K, reserved 1077248K
  class space    used 3632K, capacity 3798K, committed 3888K, reserved 1048576K
Event: 2.161 GC heap after
Heap after GC invocations=5 (full 1):
 PSYoungGen      total 94208K, used 5091K [0x00000000d6100000, 0x00000000deb00000, 0x0000000100000000)
  eden space 89088K, 0% used [0x00000000d6100000,0x00000000d6100000,0x00000000db800000)
  from space 5120K, 99% used [0x00000000de600000,0x00000000deaf8c70,0x00000000deb00000)
  to   space 5120K, 0% used [0x00000000de100000,0x00000000de100000,0x00000000de600000)
 ParOldGen       total 68608K, used 20661K [0x0000000082200000, 0x0000000086500000, 0x00000000d6100000)
  object space 68608K, 30% used [0x0000000082200000,0x000000008362d708,0x0000000086500000)
 Metaspace       used 30204K, capacity 30724K, committed 31024K, reserved 1077248K
  class space    used 3632K, capacity 3798K, committed 3888K, reserved 1048576K
}
Event: 2.487 GC heap before
{Heap before GC invocations=6 (full 1):
 PSYoungGen      total 94208K, used 28425K [0x00000000d6100000, 0x00000000deb00000, 0x0000000100000000)
  eden space 89088K, 26% used [0x00000000d6100000,0x00000000d77c9a10,0x00000000db800000)
  from space 5120K, 99% used [0x00000000de600000,0x00000000deaf8c70,0x00000000deb00000)
  to   space 5120K, 0% used [0x00000000de100000,0x00000000de100000,0x00000000de600000)
 ParOldGen       total 68608K, used 20661K [0x0000000082200000, 0x0000000086500000, 0x00000000d6100000)
  object space 68608K, 30% used [0x0000000082200000,0x000000008362d708,0x0000000086500000)
 Metaspace       used 34843K, capacity 35258K, committed 35496K, reserved 1081344K
  class space    used 4449K, capacity 4577K, committed 4656K, reserved 1048576K
Event: 2.495 GC heap after
Heap after GC invocations=6 (full 1):
 PSYoungGen      total 127488K, used 5098K [0x00000000d6100000, 0x00000000df680000, 0x0000000100000000)
  eden space 122368K, 0% used [0x00000000d6100000,0x00000000d6100000,0x00000000dd880000)
  from space 5120K, 99% used [0x00000000de100000,0x00000000de5fab48,0x00000000de600000)
  to   space 15360K, 0% used [0x00000000de780000,0x00000000de780000,0x00000000df680000)
 ParOldGen       total 68608K, used 26481K [0x0000000082200000, 0x0000000086500000, 0x00000000d6100000)
  object space 68608K, 38% used [0x0000000082200000,0x0000000083bdc4f8,0x0000000086500000)
 Metaspace       used 34843K, capacity 35258K, committed 35496K, reserved 1081344K
  class space    used 4449K, capacity 4577K, committed 4656K, reserved 1048576K
}
Event: 2.495 GC heap before
{Heap before GC invocations=7 (full 2):
 PSYoungGen      total 127488K, used 5098K [0x00000000d6100000, 0x00000000df680000, 0x0000000100000000)
  eden space 122368K, 0% used [0x00000000d6100000,0x00000000d6100000,0x00000000dd880000)
  from space 5120K, 99% used [0x00000000de100000,0x00000000de5fab48,0x00000000de600000)
  to   space 15360K, 0% used [0x00000000de780000,0x00000000de780000,0x00000000df680000)
 ParOldGen       total 68608K, used 26481K [0x0000000082200000, 0x0000000086500000, 0x00000000d6100000)
  object space 68608K, 38% used [0x0000000082200000,0x0000000083bdc4f8,0x0000000086500000)
 Metaspace       used 34843K, capacity 35258K, committed 35496K, reserved 1081344K
  class space    used 4449K, capacity 4577K, committed 4656K, reserved 1048576K
Event: 2.542 GC heap after
Heap after GC invocations=7 (full 2):
 PSYoungGen      total 127488K, used 0K [0x00000000d6100000, 0x00000000df680000, 0x0000000100000000)
  eden space 122368K, 0% used [0x00000000d6100000,0x00000000d6100000,0x00000000dd880000)
  from space 5120K, 0% used [0x00000000de100000,0x00000000de100000,0x00000000de600000)
  to   space 15360K, 0% used [0x00000000de780000,0x00000000de780000,0x00000000df680000)
 ParOldGen       total 117760K, used 18322K [0x0000000082200000, 0x0000000089500000, 0x00000000d6100000)
  object space 117760K, 15% used [0x0000000082200000,0x00000000833e4898,0x0000000089500000)
 Metaspace       used 34843K, capacity 35258K, committed 35496K, reserved 1081344K
  class space    used 4449K, capacity 4577K, committed 4656K, reserved 1048576K
}

